#
# A fatal error has been detected by the Java Runtime Environment:
#
#  EXCEPTION_ACCESS_VIOLATION (0xc0000005) at pc=0x501d8cdf, pid=8148, tid=6088
#
# JRE version: Java(TM) SE Runtime Environment (8.0_05-b13) (build 1.8.0_05-b13)
# Java VM: Java HotSpot(TM) Client VM (25.5-b02 mixed mode windows-x86 )
# Problematic frame:
# V  [jvm.dll+0x88cdf]
#
# Failed to write core dump. Minidumps are not enabled by default on client versions of Windows
#
# If you would like to submit a bug report, please visit:
#   http://bugreport.sun.com/bugreport/crash.jsp
#

---------------  T H R E A D  ---------------

Current thread (0x443e8000):  VMThread [stack: 0x445d0000,0x44620000] [id=6088]

siginfo: ExceptionCode=0xc0000005, reading address 0x445f6567

Registers:
EAX=0x04000000, EBX=0x48614f68, ECX=0x445f6563, EDX=0x0a2d364c
ESP=0x4461f650, EBP=0x4461f660, ESI=0x018efb80, EDI=0x04000000
EIP=0x501d8cdf, EFLAGS=0x00010293

Top of Stack: (sp=0x4461f650)
0x4461f650:   4461f7c4 0a2d3644 48614f68 018efb80
0x4461f660:   4461f680 501fdc2c 04000000 0a443b00
0x4461f670:   0a2d3620 4461f7c4 48614ca8 48614f78
0x4461f680:   4461f6a0 501e7bff 0a2d3620 0a2d364c
0x4461f690:   018efb80 4461f7c4 018f1578 018f09f0
0x4461f6a0:   4461f6b4 501d812d 4461f7c4 018f1578
0x4461f6b0:   00000000 4461f6c8 501dbf8c 4461f7c4
0x4461f6c0:   4461f7ac 00000000 4461f8d0 501d8567 

Instructions: (pc=0x501d8cdf)
0x501d8cbf:   ff c6 83 a0 01 00 00 00 5e 5b 5d c2 04 00 cc cc
0x501d8ccf:   cc 55 8b ec 51 53 56 57 8b 7d 08 8b f1 8b 4f 04
0x501d8cdf:   8b 41 04 89 75 fc 85 c0 7e 09 a8 01 75 30 c1 f8
0x501d8cef:   02 eb 33 79 29 8b 5f 08 8b 15 6c b1 48 50 8b c8 


Register to memory mapping:

EAX=0x04000000 is pointing into object: 0x03fb6718
[B 
 - klass: {type array byte}
 - length: 733736
EBX=0x48614f68 is an unknown value
ECX=0x445f6563 is an unknown value
EDX=0x0a2d364c is pointing into object: 0x0a2d3620
com.sun.tools.javac.code.Symbol$VarSymbol 
 - klass: 'com/sun/tools/javac/code/Symbol$VarSymbol'
ESP=0x4461f650 is an unknown value
EBP=0x4461f660 is an unknown value
ESI=0x018efb80 is an unknown value
EDI=0x04000000 is pointing into object: 0x03fb6718
[B 
 - klass: {type array byte}
 - length: 733736


Stack: [0x445d0000,0x44620000],  sp=0x4461f650,  free space=317k
Native frames: (J=compiled Java code, j=interpreted, Vv=VM code, C=native code)
V  [jvm.dll+0x88cdf]
V  [jvm.dll+0xadc2c]
V  [jvm.dll+0x97bff]
V  [jvm.dll+0x8812d]
V  [jvm.dll+0x8bf8c]
V  [jvm.dll+0x88567]
V  [jvm.dll+0x8cba3]
V  [jvm.dll+0x87373]
V  [jvm.dll+0x1a0596]
V  [jvm.dll+0x16a05b]
V  [jvm.dll+0x169421]
V  [jvm.dll+0x169837]
V  [jvm.dll+0x169a32]
V  [jvm.dll+0x1a9186]
C  [msvcr100.dll+0x5c556]
C  [msvcr100.dll+0x5c600]
C  [kernel32.dll+0x4ee6c]
C  [ntdll.dll+0x63ab3]
C  [ntdll.dll+0x63a86]

VM_Operation (0x4946da84): GenCollectForAllocation, mode: safepoint, requested by thread 0x470b8c00


---------------  P R O C E S S  ---------------

Java Threads: ( => current thread )
  0x470b9800 JavaThread "Task worker Thread 3" [_thread_blocked, id=21524, stack(0x480e0000,0x48130000)]
  0x470b9000 JavaThread "Task worker Thread 2" [_thread_blocked, id=23828, stack(0x49040000,0x49090000)]
  0x470b8c00 JavaThread "Task worker" [_thread_blocked, id=22992, stack(0x49420000,0x49470000)]
  0x470b8400 JavaThread "Stdin handler" [_thread_blocked, id=22692, stack(0x48fa0000,0x48ff0000)]
  0x470b8000 JavaThread "Daemon worker Thread 10" [_thread_blocked, id=23068, stack(0x47d90000,0x47de0000)]
  0x470b7800 JavaThread "Cancel handler" [_thread_blocked, id=22104, stack(0x448a0000,0x448f0000)]
  0x470b7000 JavaThread "Handler for socket connection from /127.0.0.1:4172 to /127.0.0.1:1714" [_thread_in_native, id=24560, stack(0x487b0000,0x48800000)]
  0x470b6c00 JavaThread "Daemon Thread 10" [_thread_blocked, id=23008, stack(0x48060000,0x480b0000)]
  0x452cc000 JavaThread "File lock request listener" [_thread_in_native, id=5888, stack(0x45f50000,0x45fa0000)]
  0x45037800 JavaThread "Incoming local TCP Connector on port 4172" [_thread_in_native, id=8536, stack(0x44790000,0x447e0000)]
  0x44458c00 JavaThread "Service Thread" daemon [_thread_blocked, id=13016, stack(0x44970000,0x449c0000)]
  0x44439800 JavaThread "C1 CompilerThread0" daemon [_thread_blocked, id=16708, stack(0x03b70000,0x03bc0000)]
  0x44438800 JavaThread "Attach Listener" daemon [_thread_blocked, id=18052, stack(0x00460000,0x004b0000)]
  0x44438000 JavaThread "Signal Dispatcher" daemon [_thread_blocked, id=16472, stack(0x44850000,0x448a0000)]
  0x443ed800 JavaThread "Finalizer" daemon [_thread_blocked, id=19444, stack(0x44740000,0x44790000)]
  0x443eac00 JavaThread "Reference Handler" daemon [_thread_blocked, id=18436, stack(0x44650000,0x446a0000)]
  0x000ed000 JavaThread "main" [_thread_blocked, id=19184, stack(0x01a20000,0x01a70000)]

Other Threads:
=>0x443e8000 VMThread [stack: 0x445d0000,0x44620000] [id=6088]
  0x44462c00 WatcherThread [stack: 0x44900000,0x44950000] [id=5644]

VM state:at safepoint (normal execution)

VM Mutex/Monitor currently owned by a thread:  ([mutex/lock_event])
[0x000eb3d0] Threads_lock - owner thread: 0x443e8000
[0x000eb7e0] Heap_lock - owner thread: 0x470b8c00

Heap:
 def new generation   total 110784K, used 110784K [0x03c00000, 0x0b430000, 0x19150000)
  eden space 98496K, 100% used [0x03c00000, 0x09c30000, 0x09c30000)
  from space 12288K, 100% used [0x0a830000, 0x0b430000, 0x0b430000)
  to   space 12288K,  69% used [0x09c30000, 0x0a491c80, 0x0a830000)
 tenured generation   total 245992K, used 88259K [0x19150000, 0x2818a000, 0x43c00000)
   the space 245992K,  35% used [0x19150000, 0x1e780d28, 0x1e780e00, 0x2818a000)
 Metaspace       used 40938K, capacity 42988K, committed 43776K, reserved 44416K

Card table byte_map: [0x43c00000,0x43e10000] byte_map_base: 0x43be2000

Polling page: 0x00160000

CodeCache: size=32768Kb used=14567Kb max_used=14567Kb free=18200Kb
 bounds [0x01af0000, 0x02930000, 0x03af0000]
 total_blobs=8060 nmethods=7611 adapters=379
 compilation: enabled

Compilation events (10 events):
Event: 4464.334 Thread 0x44439800 7672             com.sun.tools.javac.code.Type$ClassType::className (254 bytes)
Event: 4464.336 Thread 0x44439800 nmethod 7672 0x02920c48 code [0x02920fb0, 0x02921f24]
Event: 4464.336 Thread 0x44439800 7673             com.sun.tools.javac.code.Symbol$ClassSymbol::getInterfaces (60 bytes)
Event: 4464.336 Thread 0x44439800 nmethod 7673 0x02923008 code [0x02923120, 0x02923278]
Event: 4464.342 Thread 0x44439800 7674             sun.misc.ProxyGenerator$ProxyMethod::generateMethod (733 bytes)
Event: 4464.347 Thread 0x44439800 nmethod 7674 0x02923348 code [0x029239c0, 0x02925c5c]
Event: 4464.351 Thread 0x44439800 7675             sun.reflect.annotation.AnnotationInvocationHandler::memberValueHashCode (164 bytes)
Event: 4464.351 Thread 0x44439800 nmethod 7675 0x029291c8 code [0x02929390, 0x02929744]
Event: 4464.543 Thread 0x44439800 7676             com.sun.tools.javac.main.JavaCompiler::enterTrees (283 bytes)
Event: 4464.544 Thread 0x44439800 nmethod 7676 0x02929a08 code [0x02929c50, 0x0292a444]

GC Heap History (10 events):
Event: 4330.874 GC heap after
Heap after GC invocations=229 (full 14):
 def new generation   total 110784K, used 12288K [0x03c00000, 0x0b430000, 0x19150000)
  eden space 98496K,   0% used [0x03c00000, 0x03c00000, 0x09c30000)
  from space 12288K, 100% used [0x09c30000, 0x0a830000, 0x0a830000)
  to   space 12288K,   0% used [0x0a830000, 0x0a830000, 0x0b430000)
 tenured generation   total 245992K, used 107001K [0x19150000, 0x2818a000, 0x43c00000)
   the space 245992K,  43% used [0x19150000, 0x1f9ce5f8, 0x1f9ce600, 0x2818a000)
 Metaspace       used 40833K, capacity 42808K, committed 43776K, reserved 44416K
}
Event: 4331.431 GC heap before
{Heap before GC invocations=229 (full 14):
 def new generation   total 110784K, used 110784K [0x03c00000, 0x0b430000, 0x19150000)
  eden space 98496K, 100% used [0x03c00000, 0x09c30000, 0x09c30000)
  from space 12288K, 100% used [0x09c30000, 0x0a830000, 0x0a830000)
  to   space 12288K,   0% used [0x0a830000, 0x0a830000, 0x0b430000)
 tenured generation   total 245992K, used 107001K [0x19150000, 0x2818a000, 0x43c00000)
   the space 245992K,  43% used [0x19150000, 0x1f9ce5f8, 0x1f9ce600, 0x2818a000)
 Metaspace       used 40833K, capacity 42808K, committed 43776K, reserved 44416K
Event: 4331.652 GC heap after
Heap after GC invocations=230 (full 14):
 def new generation   total 110784K, used 12288K [0x03c00000, 0x0b430000, 0x19150000)
  eden space 98496K,   0% used [0x03c00000, 0x03c00000, 0x09c30000)
  from space 12288K, 100% used [0x0a830000, 0x0b430000, 0x0b430000)
  to   space 12288K,   0% used [0x09c30000, 0x09c30000, 0x0a830000)
 tenured generation   total 245992K, used 141584K [0x19150000, 0x2818a000, 0x43c00000)
   the space 245992K,  57% used [0x19150000, 0x21b94070, 0x21b94200, 0x2818a000)
 Metaspace       used 40833K, capacity 42808K, committed 43776K, reserved 44416K
}
Event: 4342.028 GC heap before
{Heap before GC invocations=230 (full 14):
 def new generation   total 110784K, used 85953K [0x03c00000, 0x0b430000, 0x19150000)
  eden space 98496K,  74% used [0x03c00000, 0x083f0458, 0x09c30000)
  from space 12288K, 100% used [0x0a830000, 0x0b430000, 0x0b430000)
  to   space 12288K,   0% used [0x09c30000, 0x09c30000, 0x0a830000)
 tenured generation   total 245992K, used 141584K [0x19150000, 0x2818a000, 0x43c00000)
   the space 245992K,  57% used [0x19150000, 0x21b94070, 0x21b94200, 0x2818a000)
 Metaspace       used 40839K, capacity 42821K, committed 43776K, reserved 44416K
Event: 4342.269 GC heap after
Heap after GC invocations=231 (full 15):
 def new generation   total 110784K, used 0K [0x03c00000, 0x0b430000, 0x19150000)
  eden space 98496K,   0% used [0x03c00000, 0x03c00000, 0x09c30000)
  from space 12288K,   0% used [0x0a830000, 0x0a830000, 0x0b430000)
  to   space 12288K,   0% used [0x09c30000, 0x09c30000, 0x0a830000)
 tenured generation   total 245992K, used 85066K [0x19150000, 0x2818a000, 0x43c00000)
   the space 245992K,  34% used [0x19150000, 0x1e4628a0, 0x1e462a00, 0x2818a000)
 Metaspace       used 40764K, capacity 42720K, committed 43776K, reserved 44416K
}
Event: 4461.888 GC heap before
{Heap before GC invocations=231 (full 15):
 def new generation   total 110784K, used 98496K [0x03c00000, 0x0b430000, 0x19150000)
  eden space 98496K, 100% used [0x03c00000, 0x09c30000, 0x09c30000)
  from space 12288K,   0% used [0x0a830000, 0x0a830000, 0x0b430000)
  to   space 12288K,   0% used [0x09c30000, 0x09c30000, 0x0a830000)
 tenured generation   total 245992K, used 85066K [0x19150000, 0x2818a000, 0x43c00000)
   the space 245992K,  34% used [0x19150000, 0x1e4628a0, 0x1e462a00, 0x2818a000)
 Metaspace       used 40812K, capacity 42793K, committed 43776K, reserved 44416K
Event: 4461.912 GC heap after
Heap after GC invocations=232 (full 15):
 def new generation   total 110784K, used 5795K [0x03c00000, 0x0b430000, 0x19150000)
  eden space 98496K,   0% used [0x03c00000, 0x03c00000, 0x09c30000)
  from space 12288K,  47% used [0x09c30000, 0x0a1d8fb0, 0x0a830000)
  to   space 12288K,   0% used [0x0a830000, 0x0a830000, 0x0b430000)
 tenured generation   total 245992K, used 85066K [0x19150000, 0x2818a000, 0x43c00000)
   the space 245992K,  34% used [0x19150000, 0x1e4628a0, 0x1e462a00, 0x2818a000)
 Metaspace       used 40812K, capacity 42793K, committed 43776K, reserved 44416K
}
Event: 4464.027 GC heap before
{Heap before GC invocations=232 (full 15):
 def new generation   total 110784K, used 104291K [0x03c00000, 0x0b430000, 0x19150000)
  eden space 98496K, 100% used [0x03c00000, 0x09c30000, 0x09c30000)
  from space 12288K,  47% used [0x09c30000, 0x0a1d8fb0, 0x0a830000)
  to   space 12288K,   0% used [0x0a830000, 0x0a830000, 0x0b430000)
 tenured generation   total 245992K, used 85066K [0x19150000, 0x2818a000, 0x43c00000)
   the space 245992K,  34% used [0x19150000, 0x1e4628a0, 0x1e462a00, 0x2818a000)
 Metaspace       used 40862K, capacity 42888K, committed 43776K, reserved 44416K
Event: 4464.071 GC heap after
Heap after GC invocations=233 (full 15):
 def new generation   total 110784K, used 12288K [0x03c00000, 0x0b430000, 0x19150000)
  eden space 98496K,   0% used [0x03c00000, 0x03c00000, 0x09c30000)
  from space 12288K, 100% used [0x0a830000, 0x0b430000, 0x0b430000)
  to   space 12288K,   0% used [0x09c30000, 0x09c30000, 0x0a830000)
 tenured generation   total 245992K, used 87642K [0x19150000, 0x2818a000, 0x43c00000)
   the space 245992K,  35% used [0x19150000, 0x1e6e6af0, 0x1e6e6c00, 0x2818a000)
 Metaspace       used 40862K, capacity 42888K, committed 43776K, reserved 44416K
}
Event: 4464.569 GC heap before
{Heap before GC invocations=233 (full 15):
 def new generation   total 110784K, used 110784K [0x03c00000, 0x0b430000, 0x19150000)
  eden space 98496K, 100% used [0x03c00000, 0x09c30000, 0x09c30000)
  from space 12288K, 100% used [0x0a830000, 0x0b430000, 0x0b430000)
  to   space 12288K,   0% used [0x09c30000, 0x09c30000, 0x0a830000)
 tenured generation   total 245992K, used 87642K [0x19150000, 0x2818a000, 0x43c00000)
   the space 245992K,  35% used [0x19150000, 0x1e6e6af0, 0x1e6e6c00, 0x2818a000)
 Metaspace       used 40938K, capacity 42988K, committed 43776K, reserved 44416K

Deoptimization events (0 events):
No events

Internal exceptions (10 events):
Event: 4464.326 Thread 0x470b8c00 Exception <a 'java/security/PrivilegedActionException'> (0x071334b8) thrown at [D:\re\workspace\8-2-build-windows-i586-cygwin\jdk8u5\2488\hotspot\src\share\vm\prims\jvm.cpp, line 1248]
Event: 4464.330 Thread 0x470b8c00 Exception <a 'java/security/PrivilegedActionException'> (0x07193a70) thrown at [D:\re\workspace\8-2-build-windows-i586-cygwin\jdk8u5\2488\hotspot\src\share\vm\prims\jvm.cpp, line 1248]
Event: 4464.331 Thread 0x470b8c00 Exception <a 'java/security/PrivilegedActionException'> (0x071a5620) thrown at [D:\re\workspace\8-2-build-windows-i586-cygwin\jdk8u5\2488\hotspot\src\share\vm\prims\jvm.cpp, line 1248]
Event: 4464.331 Thread 0x470b8c00 Exception <a 'java/security/PrivilegedActionException'> (0x071a9470) thrown at [D:\re\workspace\8-2-build-windows-i586-cygwin\jdk8u5\2488\hotspot\src\share\vm\prims\jvm.cpp, line 1248]
Event: 4464.331 Thread 0x470b8c00 Exception <a 'java/security/PrivilegedActionException'> (0x071ac6c8) thrown at [D:\re\workspace\8-2-build-windows-i586-cygwin\jdk8u5\2488\hotspot\src\share\vm\prims\jvm.cpp, line 1248]
Event: 4464.340 Thread 0x470b8c00 Exception <a 'java/security/PrivilegedActionException'> (0x0728db58) thrown at [D:\re\workspace\8-2-build-windows-i586-cygwin\jdk8u5\2488\hotspot\src\share\vm\prims\jvm.cpp, line 1248]
Event: 4464.341 Thread 0x470b8c00 Exception <a 'java/security/PrivilegedActionException'> (0x07293888) thrown at [D:\re\workspace\8-2-build-windows-i586-cygwin\jdk8u5\2488\hotspot\src\share\vm\prims\jvm.cpp, line 1248]
Event: 4464.341 Thread 0x470b8c00 Exception <a 'java/security/PrivilegedActionException'> (0x07297cc0) thrown at [D:\re\workspace\8-2-build-windows-i586-cygwin\jdk8u5\2488\hotspot\src\share\vm\prims\jvm.cpp, line 1248]
Event: 4464.350 Thread 0x470b8c00 Exception <a 'java/security/PrivilegedActionException'> (0x072b7e80) thrown at [D:\re\workspace\8-2-build-windows-i586-cygwin\jdk8u5\2488\hotspot\src\share\vm\prims\jvm.cpp, line 1248]
Event: 4464.350 Thread 0x470b8c00 Exception <a 'java/security/PrivilegedActionException'> (0x072bb4b8) thrown at [D:\re\workspace\8-2-build-windows-i586-cygwin\jdk8u5\2488\hotspot\src\share\vm\prims\jvm.cpp, line 1248]

Events (10 events):
Event: 4464.340 loading class butterknife/internal/ListenerClass done
Event: 4464.341 loading class butterknife/internal/ListenerMethod
Event: 4464.341 loading class butterknife/internal/ListenerMethod done
Event: 4464.341 loading class butterknife/internal/ListenerClass$NONE
Event: 4464.341 loading class butterknife/internal/ListenerClass$NONE done
Event: 4464.350 loading class butterknife/internal/Parameter
Event: 4464.350 loading class butterknife/internal/Parameter done
Event: 4464.350 loading class butterknife/internal/MethodViewBinding
Event: 4464.350 loading class butterknife/internal/MethodViewBinding done
Event: 4464.560 Executing VM operation: GenCollectForAllocation


Dynamic libraries:
0x00110000 - 0x00140000 	C:\Program Files\Java\jdk1.8.0_05\bin\java.exe
0x77140000 - 0x77281000 	C:\Windows\SYSTEM32\ntdll.dll
0x75900000 - 0x759d4000 	C:\Windows\system32\kernel32.dll
0x75180000 - 0x751cb000 	C:\Windows\system32\KERNELBASE.dll
0x75db0000 - 0x75e51000 	C:\Windows\system32\ADVAPI32.dll
0x75e70000 - 0x75f1c000 	C:\Windows\system32\msvcrt.dll
0x772a0000 - 0x772b9000 	C:\Windows\SYSTEM32\sechost.dll
0x759f0000 - 0x75a92000 	C:\Windows\system32\RPCRT4.dll
0x772c0000 - 0x77389000 	C:\Windows\system32\USER32.dll
0x75c80000 - 0x75cce000 	C:\Windows\system32\GDI32.dll
0x75e60000 - 0x75e6a000 	C:\Windows\system32\LPK.dll
0x76eb0000 - 0x76f4d000 	C:\Windows\system32\USP10.dll
0x73f40000 - 0x740de000 	C:\Windows\WinSxS\x86_microsoft.windows.common-controls_6595b64144ccf1df_6.0.7601.18837_none_41e855142bd5705d\COMCTL32.dll
0x76180000 - 0x761d7000 	C:\Windows\system32\SHLWAPI.dll
0x75f20000 - 0x75f3f000 	C:\Windows\system32\IMM32.DLL
0x757f0000 - 0x758bc000 	C:\Windows\system32\MSCTF.dll
0x66630000 - 0x666ef000 	C:\Program Files\Java\jdk1.8.0_05\jre\bin\msvcr100.dll
0x50150000 - 0x504e6000 	C:\Program Files\Java\jdk1.8.0_05\jre\bin\client\jvm.dll
0x6fb70000 - 0x6fb77000 	C:\Windows\system32\WSOCK32.dll
0x758c0000 - 0x758f5000 	C:\Windows\system32\WS2_32.dll
0x75450000 - 0x75456000 	C:\Windows\system32\NSI.dll
0x73970000 - 0x739a2000 	C:\Windows\system32\WINMM.dll
0x759e0000 - 0x759e5000 	C:\Windows\system32\PSAPI.DLL
0x737a0000 - 0x737ac000 	C:\Program Files\Java\jdk1.8.0_05\jre\bin\verify.dll
0x6c1d0000 - 0x6c1f1000 	C:\Program Files\Java\jdk1.8.0_05\jre\bin\java.dll
0x6e060000 - 0x6e073000 	C:\Program Files\Java\jdk1.8.0_05\jre\bin\zip.dll
0x76260000 - 0x76eab000 	C:\Windows\system32\SHELL32.dll
0x75690000 - 0x757ec000 	C:\Windows\system32\ole32.dll
0x75130000 - 0x7513b000 	C:\Windows\system32\profapi.dll
0x6c0f0000 - 0x6c104000 	C:\Program Files\Java\jdk1.8.0_05\jre\bin\net.dll
0x74af0000 - 0x74b2c000 	C:\Windows\system32\mswsock.dll
0x74ae0000 - 0x74ae6000 	C:\Windows\System32\wship6.dll
0x740f0000 - 0x740ff000 	C:\Program Files\Java\jdk1.8.0_05\jre\bin\nio.dll
0x6c110000 - 0x6c11e000 	C:\Users\lenovo\.gradle\native\19\windows-i386\native-platform.dll
0x735a0000 - 0x735bc000 	C:\Windows\system32\IPHLPAPI.DLL
0x73580000 - 0x73587000 	C:\Windows\system32\WINNSI.DLL
0x730f0000 - 0x73102000 	C:\Windows\system32\dhcpcsvc.DLL
0x72f80000 - 0x72f8d000 	C:\Windows\system32\dhcpcsvc6.DLL
0x74b30000 - 0x74b47000 	C:\Windows\system32\CRYPTSP.dll
0x748d0000 - 0x7490b000 	C:\Windows\system32\rsaenh.dll
0x753c0000 - 0x753d7000 	C:\Windows\system32\USERENV.dll
0x75040000 - 0x7504c000 	C:\Windows\system32\CRYPTBASE.dll
0x74ff0000 - 0x7503c000 	C:\Windows\system32\apphelp.dll
0x6d610000 - 0x6d61a000 	C:\Program Files\Java\jdk1.8.0_05\jre\bin\management.dll
0x6b040000 - 0x6b060000 	C:\Program Files\Java\jdk1.8.0_05\jre\bin\sunec.dll
0x73d80000 - 0x73d90000 	C:\Windows\system32\NLAapi.dll
0x6fb50000 - 0x6fb60000 	C:\Windows\system32\napinsp.dll
0x6fb30000 - 0x6fb42000 	C:\Windows\system32\pnrpnsp.dll
0x749b0000 - 0x749f4000 	C:\Windows\system32\DNSAPI.dll
0x6fb20000 - 0x6fb28000 	C:\Windows\System32\winrnr.dll
0x6fb10000 - 0x6fb1d000 	C:\Windows\system32\wshbth.dll
0x74660000 - 0x74665000 	C:\Windows\System32\wshtcpip.dll
0x6fb60000 - 0x6fb66000 	C:\Windows\system32\rasadhlp.dll
0x72f00000 - 0x72f38000 	C:\Windows\System32\fwpuclnt.dll
0x6fa20000 - 0x6fb0b000 	C:\Windows\system32\dbghelp.dll

VM Arguments:
jvm_args: -XX:MaxPermSize=256m -XX:+HeapDumpOnOutOfMemoryError -Xmx1024m -Dfile.encoding=GBK -Duser.country=CN -Duser.language=zh -Duser.variant 
java_command: org.gradle.launcher.daemon.bootstrap.GradleDaemon 2.4 C:\Users\lenovo\.gradle C:\Users\lenovo\.gradle\daemon 10800000 41b43351-01e6-4291-b5ca-06da3a874870 -XX:MaxPermSize=256m -XX:+HeapDumpOnOutOfMemoryError -Xmx1024m -Dfile.encoding=GBK -Duser.country=CN -Duser.language=zh -Duser.variant
java_class_path (initial): C:\Users\lenovo\.gradle\wrapper\dists\gradle-2.4-all\6r4uqcc6ovnq6ac6s0txzcpc0\gradle-2.4\lib\gradle-launcher-2.4.jar
Launcher Type: SUN_STANDARD

Environment Variables:
JAVA_HOME=C:\Program Files\Java\jdk1.8.0_05
CLASSPATH=.;C:\Program Files\Java\jdk1.8.0_05/lib/dt.jar;C:\Program Files\Java\jdk1.8.0_05/lib/toos.jar;C:\Program Files\Java\jdk1.8.0_05\lib\sqlitejdbc-v033-nested.jar
PATH=D:\android_sdk\platform-tools;D:\python;D:\app\lenovo\product\11.2.0\dbhome_1\bin;C:\Windows\system32;C:\Windows;C:\Windows\System32\Wbem;C:\Windows\System32\WindowsPowerShell\v1.0\;.;C:\Program Files\Java\jdk1.8.0_05/bin;C:\Program Files\Intel\OpenCL SDK\2.0\bin\x86;D:\apache-tomcat-7.0.57\lib;D:\apache-tomcat-7.0.57\bin;D:\git\Git\cmd;D:\python\Scripts;D:\Python33;C:\Program Files\Gow\bin;D:\Ruby22\bin
USERNAME=lenovo
OS=Windows_NT
PROCESSOR_IDENTIFIER=x86 Family 6 Model 42 Stepping 7, GenuineIntel



---------------  S Y S T E M  ---------------

OS: Windows 7 Build 7601 Service Pack 1

CPU:total 4 (2 cores per cpu, 2 threads per core) family 6 model 42 stepping 7, cmov, cx8, fxsr, mmx, sse, sse2, sse3, ssse3, sse4.1, sse4.2, popcnt, avx, aes, clmul, ht, tsc, tscinvbit

Memory: 4k page, physical 3090288k(318772k free), swap 6178848k(1662372k free)

vm_info: Java HotSpot(TM) Client VM (25.5-b02) for windows-x86 JRE (1.8.0_05-b13), built on Mar 18 2014 01:14:47 by "java_re" with MS VC++ 10.0 (VS2010)

time: Mon Oct 12 19:46:28 2015
elapsed time: 4464 seconds

